nohup: ignoring input

  .   ____          _            __ _ _
 /\\ / ___'_ __ _ _(_)_ __  __ _ \ \ \ \
( ( )\___ | '_ | '_| | '_ \/ _` | \ \ \ \
 \\/  ___)| |_)| | | | | || (_| |  ) ) ) )
  '  |____| .__|_| |_|_| |_\__, | / / / /
 =========|_|==============|___/=/_/_/_/

 :: Spring Boot ::                (v3.3.4)

2025-08-12T15:16:01.964Z  INFO 5418 --- [           main] c.e.ecommerce.EcommerceApplication       : Starting EcommerceApplication v0.0.1-SNAPSHOT using Java 21.0.7 with PID 5418 (/workspace/ecommerce/target/ecommerce-0.0.1-SNAPSHOT.jar started by ubuntu in /workspace/ecommerce)
2025-08-12T15:16:01.966Z  INFO 5418 --- [           main] c.e.ecommerce.EcommerceApplication       : No active profile set, falling back to 1 default profile: "default"
2025-08-12T15:16:02.440Z  INFO 5418 --- [           main] .s.d.r.c.RepositoryConfigurationDelegate : Bootstrapping Spring Data JPA repositories in DEFAULT mode.
2025-08-12T15:16:02.473Z  INFO 5418 --- [           main] .s.d.r.c.RepositoryConfigurationDelegate : Finished Spring Data repository scanning in 29 ms. Found 4 JPA repository interfaces.
2025-08-12T15:16:02.781Z  INFO 5418 --- [           main] o.s.b.w.embedded.tomcat.TomcatWebServer  : Tomcat initialized with port 8081 (http)
2025-08-12T15:16:02.790Z  INFO 5418 --- [           main] o.apache.catalina.core.StandardService   : Starting service [Tomcat]
2025-08-12T15:16:02.790Z  INFO 5418 --- [           main] o.apache.catalina.core.StandardEngine    : Starting Servlet engine: [Apache Tomcat/10.1.30]
2025-08-12T15:16:02.813Z  INFO 5418 --- [           main] o.a.c.c.C.[Tomcat].[localhost].[/]       : Initializing Spring embedded WebApplicationContext
2025-08-12T15:16:02.814Z  INFO 5418 --- [           main] w.s.c.ServletWebServerApplicationContext : Root WebApplicationContext: initialization completed in 816 ms
2025-08-12T15:16:02.844Z  INFO 5418 --- [           main] com.zaxxer.hikari.HikariDataSource       : HikariPool-1 - Starting...
2025-08-12T15:16:02.986Z  INFO 5418 --- [           main] com.zaxxer.hikari.pool.HikariPool        : HikariPool-1 - Added connection conn0: url=jdbc:h2:mem:ecommercedb user=SA
2025-08-12T15:16:02.987Z  INFO 5418 --- [           main] com.zaxxer.hikari.HikariDataSource       : HikariPool-1 - Start completed.
2025-08-12T15:16:03.000Z  INFO 5418 --- [           main] o.s.b.a.h2.H2ConsoleAutoConfiguration    : H2 console available at '/h2-console'. Database available at 'jdbc:h2:mem:ecommercedb'
2025-08-12T15:16:03.070Z  INFO 5418 --- [           main] o.hibernate.jpa.internal.util.LogHelper  : HHH000204: Processing PersistenceUnitInfo [name: default]
2025-08-12T15:16:03.106Z  INFO 5418 --- [           main] org.hibernate.Version                    : HHH000412: Hibernate ORM core version 6.5.3.Final
2025-08-12T15:16:03.124Z  INFO 5418 --- [           main] o.h.c.internal.RegionFactoryInitiator    : HHH000026: Second-level cache disabled
2025-08-12T15:16:03.281Z  INFO 5418 --- [           main] o.s.o.j.p.SpringPersistenceUnitInfo      : No LoadTimeWeaver setup: ignoring JPA class transformer
2025-08-12T15:16:03.904Z  INFO 5418 --- [           main] o.h.e.t.j.p.i.JtaPlatformInitiator       : HHH000489: No JTA platform available (set 'hibernate.transaction.jta.platform' to enable JTA platform integration)
2025-08-12T15:16:03.943Z DEBUG 5418 --- [           main] org.hibernate.SQL                        : 
    create table category (
        id bigint generated by default as identity,
        description varchar(255),
        name varchar(255) not null,
        primary key (id)
    )
Hibernate: 
    create table category (
        id bigint generated by default as identity,
        description varchar(255),
        name varchar(255) not null,
        primary key (id)
    )
2025-08-12T15:16:03.950Z DEBUG 5418 --- [           main] org.hibernate.SQL                        : 
    create table customer (
        id bigint generated by default as identity,
        address varchar(255),
        email varchar(255) not null,
        first_name varchar(255) not null,
        last_name varchar(255) not null,
        primary key (id)
    )
Hibernate: 
    create table customer (
        id bigint generated by default as identity,
        address varchar(255),
        email varchar(255) not null,
        first_name varchar(255) not null,
        last_name varchar(255) not null,
        primary key (id)
    )
2025-08-12T15:16:03.951Z DEBUG 5418 --- [           main] org.hibernate.SQL                        : 
    create table order_item (
        id bigint generated by default as identity,
        line_total numeric(38,2) not null,
        quantity integer check (quantity>=1),
        unit_price numeric(38,2) not null,
        order_id bigint not null,
        product_id bigint not null,
        primary key (id)
    )
Hibernate: 
    create table order_item (
        id bigint generated by default as identity,
        line_total numeric(38,2) not null,
        quantity integer check (quantity>=1),
        unit_price numeric(38,2) not null,
        order_id bigint not null,
        product_id bigint not null,
        primary key (id)
    )
2025-08-12T15:16:03.953Z DEBUG 5418 --- [           main] org.hibernate.SQL                        : 
    create table orders (
        id bigint generated by default as identity,
        created_at timestamp(6) with time zone,
        total_amount numeric(38,2),
        customer_id bigint not null,
        primary key (id)
    )
Hibernate: 
    create table orders (
        id bigint generated by default as identity,
        created_at timestamp(6) with time zone,
        total_amount numeric(38,2),
        customer_id bigint not null,
        primary key (id)
    )
2025-08-12T15:16:03.954Z DEBUG 5418 --- [           main] org.hibernate.SQL                        : 
    create table product (
        id bigint generated by default as identity,
        description varchar(255),
        name varchar(255) not null,
        price numeric(38,2) not null,
        stock_quantity integer not null check (stock_quantity>=0),
        category_id bigint,
        primary key (id)
    )
Hibernate: 
    create table product (
        id bigint generated by default as identity,
        description varchar(255),
        name varchar(255) not null,
        price numeric(38,2) not null,
        stock_quantity integer not null check (stock_quantity>=0),
        category_id bigint,
        primary key (id)
    )
2025-08-12T15:16:03.955Z DEBUG 5418 --- [           main] org.hibernate.SQL                        : 
    alter table if exists category 
       drop constraint if exists UK46ccwnsi9409t36lurvtyljak
Hibernate: 
    alter table if exists category 
       drop constraint if exists UK46ccwnsi9409t36lurvtyljak
2025-08-12T15:16:03.955Z DEBUG 5418 --- [           main] org.hibernate.SQL                        : 
    alter table if exists category 
       add constraint UK46ccwnsi9409t36lurvtyljak unique (name)
Hibernate: 
    alter table if exists category 
       add constraint UK46ccwnsi9409t36lurvtyljak unique (name)
2025-08-12T15:16:03.957Z DEBUG 5418 --- [           main] org.hibernate.SQL                        : 
    alter table if exists customer 
       drop constraint if exists UKdwk6cx0afu8bs9o4t536v1j5v
Hibernate: 
    alter table if exists customer 
       drop constraint if exists UKdwk6cx0afu8bs9o4t536v1j5v
2025-08-12T15:16:03.957Z DEBUG 5418 --- [           main] org.hibernate.SQL                        : 
    alter table if exists customer 
       add constraint UKdwk6cx0afu8bs9o4t536v1j5v unique (email)
Hibernate: 
    alter table if exists customer 
       add constraint UKdwk6cx0afu8bs9o4t536v1j5v unique (email)
2025-08-12T15:16:03.957Z DEBUG 5418 --- [           main] org.hibernate.SQL                        : 
    alter table if exists order_item 
       add constraint FKt4dc2r9nbvbujrljv3e23iibt 
       foreign key (order_id) 
       references orders
Hibernate: 
    alter table if exists order_item 
       add constraint FKt4dc2r9nbvbujrljv3e23iibt 
       foreign key (order_id) 
       references orders
2025-08-12T15:16:03.960Z DEBUG 5418 --- [           main] org.hibernate.SQL                        : 
    alter table if exists order_item 
       add constraint FK551losx9j75ss5d6bfsqvijna 
       foreign key (product_id) 
       references product
Hibernate: 
    alter table if exists order_item 
       add constraint FK551losx9j75ss5d6bfsqvijna 
       foreign key (product_id) 
       references product
2025-08-12T15:16:03.961Z DEBUG 5418 --- [           main] org.hibernate.SQL                        : 
    alter table if exists orders 
       add constraint FK624gtjin3po807j3vix093tlf 
       foreign key (customer_id) 
       references customer
Hibernate: 
    alter table if exists orders 
       add constraint FK624gtjin3po807j3vix093tlf 
       foreign key (customer_id) 
       references customer
2025-08-12T15:16:03.962Z DEBUG 5418 --- [           main] org.hibernate.SQL                        : 
    alter table if exists product 
       add constraint FK1mtsbur82frn64de7balymq9s 
       foreign key (category_id) 
       references category
Hibernate: 
    alter table if exists product 
       add constraint FK1mtsbur82frn64de7balymq9s 
       foreign key (category_id) 
       references category
2025-08-12T15:16:03.963Z  INFO 5418 --- [           main] j.LocalContainerEntityManagerFactoryBean : Initialized JPA EntityManagerFactory for persistence unit 'default'
2025-08-12T15:16:04.157Z  WARN 5418 --- [           main] JpaBaseConfiguration$JpaWebConfiguration : spring.jpa.open-in-view is enabled by default. Therefore, database queries may be performed during view rendering. Explicitly configure spring.jpa.open-in-view to disable this warning
2025-08-12T15:16:04.341Z  INFO 5418 --- [           main] o.s.b.w.embedded.tomcat.TomcatWebServer  : Tomcat started on port 8081 (http) with context path '/'
2025-08-12T15:16:04.351Z  INFO 5418 --- [           main] c.e.ecommerce.EcommerceApplication       : Started EcommerceApplication in 2.644 seconds (process running for 2.927)
2025-08-12T15:16:04.538Z DEBUG 5418 --- [           main] org.hibernate.SQL                        : 
    select
        count(*) 
    from
        category c1_0
Hibernate: 
    select
        count(*) 
    from
        category c1_0
2025-08-12T15:16:04.564Z DEBUG 5418 --- [           main] org.hibernate.SQL                        : 
    insert 
    into
        category
        (description, name, id) 
    values
        (?, ?, default)
Hibernate: 
    insert 
    into
        category
        (description, name, id) 
    values
        (?, ?, default)
2025-08-12T15:16:04.565Z TRACE 5418 --- [           main] org.hibernate.orm.jdbc.bind              : binding parameter (1:VARCHAR) <- [Phones, laptops, and gadgets]
2025-08-12T15:16:04.565Z TRACE 5418 --- [           main] org.hibernate.orm.jdbc.bind              : binding parameter (2:VARCHAR) <- [Electronics]
2025-08-12T15:16:04.578Z DEBUG 5418 --- [           main] org.hibernate.SQL                        : 
    insert 
    into
        category
        (description, name, id) 
    values
        (?, ?, default)
Hibernate: 
    insert 
    into
        category
        (description, name, id) 
    values
        (?, ?, default)
2025-08-12T15:16:04.578Z TRACE 5418 --- [           main] org.hibernate.orm.jdbc.bind              : binding parameter (1:VARCHAR) <- [Fiction and non-fiction]
2025-08-12T15:16:04.578Z TRACE 5418 --- [           main] org.hibernate.orm.jdbc.bind              : binding parameter (2:VARCHAR) <- [Books]
2025-08-12T15:16:04.581Z DEBUG 5418 --- [           main] org.hibernate.SQL                        : 
    insert 
    into
        product
        (category_id, description, name, price, stock_quantity, id) 
    values
        (?, ?, ?, ?, ?, default)
Hibernate: 
    insert 
    into
        product
        (category_id, description, name, price, stock_quantity, id) 
    values
        (?, ?, ?, ?, ?, default)
2025-08-12T15:16:04.581Z TRACE 5418 --- [           main] org.hibernate.orm.jdbc.bind              : binding parameter (1:BIGINT) <- [1]
2025-08-12T15:16:04.581Z TRACE 5418 --- [           main] org.hibernate.orm.jdbc.bind              : binding parameter (2:VARCHAR) <- [Latest model with great camera]
2025-08-12T15:16:04.581Z TRACE 5418 --- [           main] org.hibernate.orm.jdbc.bind              : binding parameter (3:VARCHAR) <- [Smartphone X]
2025-08-12T15:16:04.581Z TRACE 5418 --- [           main] org.hibernate.orm.jdbc.bind              : binding parameter (4:NUMERIC) <- [799.99]
2025-08-12T15:16:04.581Z TRACE 5418 --- [           main] org.hibernate.orm.jdbc.bind              : binding parameter (5:INTEGER) <- [50]
2025-08-12T15:16:04.582Z DEBUG 5418 --- [           main] org.hibernate.SQL                        : 
    insert 
    into
        product
        (category_id, description, name, price, stock_quantity, id) 
    values
        (?, ?, ?, ?, ?, default)
Hibernate: 
    insert 
    into
        product
        (category_id, description, name, price, stock_quantity, id) 
    values
        (?, ?, ?, ?, ?, default)
2025-08-12T15:16:04.583Z TRACE 5418 --- [           main] org.hibernate.orm.jdbc.bind              : binding parameter (1:BIGINT) <- [1]
2025-08-12T15:16:04.583Z TRACE 5418 --- [           main] org.hibernate.orm.jdbc.bind              : binding parameter (2:VARCHAR) <- [Lightweight laptop for professionals]
2025-08-12T15:16:04.583Z TRACE 5418 --- [           main] org.hibernate.orm.jdbc.bind              : binding parameter (3:VARCHAR) <- [Ultrabook Pro]
2025-08-12T15:16:04.583Z TRACE 5418 --- [           main] org.hibernate.orm.jdbc.bind              : binding parameter (4:NUMERIC) <- [1299.00]
2025-08-12T15:16:04.583Z TRACE 5418 --- [           main] org.hibernate.orm.jdbc.bind              : binding parameter (5:INTEGER) <- [20]
2025-08-12T15:16:04.584Z DEBUG 5418 --- [           main] org.hibernate.SQL                        : 
    insert 
    into
        product
        (category_id, description, name, price, stock_quantity, id) 
    values
        (?, ?, ?, ?, ?, default)
Hibernate: 
    insert 
    into
        product
        (category_id, description, name, price, stock_quantity, id) 
    values
        (?, ?, ?, ?, ?, default)
2025-08-12T15:16:04.584Z TRACE 5418 --- [           main] org.hibernate.orm.jdbc.bind              : binding parameter (1:BIGINT) <- [2]
2025-08-12T15:16:04.584Z TRACE 5418 --- [           main] org.hibernate.orm.jdbc.bind              : binding parameter (2:VARCHAR) <- [Classic software engineering book]
2025-08-12T15:16:04.584Z TRACE 5418 --- [           main] org.hibernate.orm.jdbc.bind              : binding parameter (3:VARCHAR) <- [The Pragmatic Programmer]
2025-08-12T15:16:04.584Z TRACE 5418 --- [           main] org.hibernate.orm.jdbc.bind              : binding parameter (4:NUMERIC) <- [39.99]
2025-08-12T15:16:04.584Z TRACE 5418 --- [           main] org.hibernate.orm.jdbc.bind              : binding parameter (5:INTEGER) <- [100]
2025-08-12T15:16:04.592Z DEBUG 5418 --- [           main] org.hibernate.SQL                        : 
    insert 
    into
        customer
        (address, email, first_name, last_name, id) 
    values
        (?, ?, ?, ?, default)
Hibernate: 
    insert 
    into
        customer
        (address, email, first_name, last_name, id) 
    values
        (?, ?, ?, ?, default)
2025-08-12T15:16:04.592Z TRACE 5418 --- [           main] org.hibernate.orm.jdbc.bind              : binding parameter (1:VARCHAR) <- [123 Main St]
2025-08-12T15:16:04.592Z TRACE 5418 --- [           main] org.hibernate.orm.jdbc.bind              : binding parameter (2:VARCHAR) <- [alice@example.com]
2025-08-12T15:16:04.592Z TRACE 5418 --- [           main] org.hibernate.orm.jdbc.bind              : binding parameter (3:VARCHAR) <- [Alice]
2025-08-12T15:16:04.592Z TRACE 5418 --- [           main] org.hibernate.orm.jdbc.bind              : binding parameter (4:VARCHAR) <- [Doe]
2025-08-12T15:16:04.593Z DEBUG 5418 --- [           main] org.hibernate.SQL                        : 
    insert 
    into
        customer
        (address, email, first_name, last_name, id) 
    values
        (?, ?, ?, ?, default)
Hibernate: 
    insert 
    into
        customer
        (address, email, first_name, last_name, id) 
    values
        (?, ?, ?, ?, default)
2025-08-12T15:16:04.593Z TRACE 5418 --- [           main] org.hibernate.orm.jdbc.bind              : binding parameter (1:VARCHAR) <- [456 Elm Ave]
2025-08-12T15:16:04.594Z TRACE 5418 --- [           main] org.hibernate.orm.jdbc.bind              : binding parameter (2:VARCHAR) <- [bob@example.com]
2025-08-12T15:16:04.594Z TRACE 5418 --- [           main] org.hibernate.orm.jdbc.bind              : binding parameter (3:VARCHAR) <- [Bob]
2025-08-12T15:16:04.594Z TRACE 5418 --- [           main] org.hibernate.orm.jdbc.bind              : binding parameter (4:VARCHAR) <- [Smith]
2025-08-12T15:16:18.189Z  INFO 5418 --- [nio-8081-exec-1] o.a.c.c.C.[Tomcat].[localhost].[/]       : Initializing Spring DispatcherServlet 'dispatcherServlet'
2025-08-12T15:16:18.189Z  INFO 5418 --- [nio-8081-exec-1] o.s.web.servlet.DispatcherServlet        : Initializing Servlet 'dispatcherServlet'
2025-08-12T15:16:18.190Z  INFO 5418 --- [nio-8081-exec-1] o.s.web.servlet.DispatcherServlet        : Completed initialization in 0 ms
2025-08-12T15:16:18.225Z DEBUG 5418 --- [nio-8081-exec-1] org.hibernate.SQL                        : 
    select
        p1_0.id,
        p1_0.category_id,
        p1_0.description,
        p1_0.name,
        p1_0.price,
        p1_0.stock_quantity 
    from
        product p1_0
Hibernate: 
    select
        p1_0.id,
        p1_0.category_id,
        p1_0.description,
        p1_0.name,
        p1_0.price,
        p1_0.stock_quantity 
    from
        product p1_0
hutdownHook.closeAndWait(SpringApplicationShutdownHook.java:145)
	at java.base/java.lang.Iterable.forEach(Iterable.java:75)
	at org.springframework.boot.SpringApplicationShutdownHook.run(SpringApplicationShutdownHook.java:114)
	at java.base/java.lang.Thread.run(Thread.java:1583)
Caused by: java.lang.ClassNotFoundException: ch.qos.logback.classic.spi.ThrowableProxy
	... 12 more
